0 info it worked if it ends with ok
1 verbose cli [ 'C:\\Program Files\\nodejs\\node.exe',
1 verbose cli   'C:\\Program Files\\nodejs\\node_modules\\npm\\bin\\npm-cli.js',
1 verbose cli   'run',
1 verbose cli   'test' ]
2 info using npm@3.10.10
3 info using node@v6.11.0
4 verbose run-script [ 'pretest', 'test', 'posttest' ]
5 info lifecycle Mocha@0.0.1~pretest: Mocha@0.0.1
6 silly lifecycle Mocha@0.0.1~pretest: no script for pretest, continuing
7 info lifecycle Mocha@0.0.1~test: Mocha@0.0.1
8 verbose lifecycle Mocha@0.0.1~test: unsafe-perm in lifecycle true
9 verbose lifecycle Mocha@0.0.1~test: PATH: C:\Program Files\nodejs\node_modules\npm\bin\node-gyp-bin;c:\data\Projects\Mocha\node_modules\.bin;C:\Windows\system32;C:\Windows;C:\Windows\System32\Wbem;C:\Windows\System32\WindowsPowerShell\v1.0\;C:\Program Files (x86)\Skype\Phone\;C:\Program Files (x86)\ATI Technologies\ATI.ACE\Core-Static;C:\Program Files\nodejs\;C:\data\Projects\React_And_Node\node_modules\.bin;C:\Program Files\MySQL\MySQL Utilities 1.6\;C:\Program Files\MySQL\MySQL Server 5.7\bin;C:\jre1.8.0_131\bin;C:\Program Files\Git\cmd;C:\Users\Palash\AppData\Local\Programs\Python\Python36-32\Scripts\;C:\Users\Palash\AppData\Local\Programs\Python\Python36-32\;C:\Users\Palash\AppData\Roaming\npm;C:\Users\Palash\AppData\Local\atom\bin
10 verbose lifecycle Mocha@0.0.1~test: CWD: c:\data\Projects\Mocha
11 silly lifecycle Mocha@0.0.1~test: Args: [ '/d /s /c', 'mocha' ]
12 silly lifecycle Mocha@0.0.1~test: Returned: code: 3221225786  signal: null
13 info lifecycle Mocha@0.0.1~test: Failed to exec test script
14 verbose stack Error: Mocha@0.0.1 test: `mocha`
14 verbose stack Exit status 3221225786
14 verbose stack     at EventEmitter.<anonymous> (C:\Program Files\nodejs\node_modules\npm\lib\utils\lifecycle.js:255:16)
14 verbose stack     at emitTwo (events.js:106:13)
14 verbose stack     at EventEmitter.emit (events.js:191:7)
14 verbose stack     at ChildProcess.<anonymous> (C:\Program Files\nodejs\node_modules\npm\lib\utils\spawn.js:40:14)
14 verbose stack     at emitTwo (events.js:106:13)
14 verbose stack     at ChildProcess.emit (events.js:191:7)
14 verbose stack     at maybeClose (internal/child_process.js:891:16)
14 verbose stack     at Process.ChildProcess._handle.onexit (internal/child_process.js:226:5)
15 verbose pkgid Mocha@0.0.1
16 verbose cwd c:\data\Projects\Mocha
17 error Windows_NT 6.3.9600
18 error argv "C:\\Program Files\\nodejs\\node.exe" "C:\\Program Files\\nodejs\\node_modules\\npm\\bin\\npm-cli.js" "run" "test"
19 error node v6.11.0
20 error npm  v3.10.10
21 error code ELIFECYCLE
22 error Mocha@0.0.1 test: `mocha`
22 error Exit status 3221225786
23 error Failed at the Mocha@0.0.1 test script 'mocha'.
23 error Make sure you have the latest version of node.js and npm installed.
23 error If you do, this is most likely a problem with the Mocha package,
23 error not with npm itself.
23 error Tell the author that this fails on your system:
23 error     mocha
23 error You can get information on how to open an issue for this project with:
23 error     npm bugs Mocha
23 error Or if that isn't available, you can get their info via:
23 error     npm owner ls Mocha
23 error There is likely additional logging output above.
24 verbose exit [ 1, true ]
